<?xml version="1.0" encoding="UTF-8"?>
<testsuite xmlns:xsi="http://www.w3.org/2001/XMLSchema-instance" xsi:noNamespaceSchemaLocation="https://maven.apache.org/surefire/maven-surefire-plugin/xsd/surefire-test-report.xsd" name="com.reactive.examples.test.controller.UserControllerTest" time="6.313" tests="8" errors="0" skipped="0" failures="0">
  <properties>
    <property name="gopherProxySet" value="false"/>
    <property name="awt.toolkit" value="sun.lwawt.macosx.LWCToolkit"/>
    <property name="file.encoding.pkg" value="sun.io"/>
    <property name="java.specification.version" value="1.8"/>
    <property name="sun.cpu.isalist" value=""/>
    <property name="sun.jnu.encoding" value="UTF-8"/>
    <property name="java.class.path" value="/Users/sumandas/Public/workspace/java/personal/experiment/spring-boot-reactive-webflux/target/test-classes:/Users/sumandas/Public/workspace/java/personal/experiment/spring-boot-reactive-webflux/target/classes:/Users/sumandas/.m2/repository/org/springframework/boot/spring-boot-starter-data-r2dbc/2.3.0.RC1/spring-boot-starter-data-r2dbc-2.3.0.RC1.jar:/Users/sumandas/.m2/repository/org/springframework/boot/spring-boot-starter/2.3.0.RC1/spring-boot-starter-2.3.0.RC1.jar:/Users/sumandas/.m2/repository/org/springframework/boot/spring-boot/2.3.0.RC1/spring-boot-2.3.0.RC1.jar:/Users/sumandas/.m2/repository/org/springframework/boot/spring-boot-autoconfigure/2.3.0.RC1/spring-boot-autoconfigure-2.3.0.RC1.jar:/Users/sumandas/.m2/repository/org/springframework/boot/spring-boot-starter-logging/2.3.0.RC1/spring-boot-starter-logging-2.3.0.RC1.jar:/Users/sumandas/.m2/repository/ch/qos/logback/logback-classic/1.2.3/logback-classic-1.2.3.jar:/Users/sumandas/.m2/repository/ch/qos/logback/logback-core/1.2.3/logback-core-1.2.3.jar:/Users/sumandas/.m2/repository/org/apache/logging/log4j/log4j-to-slf4j/2.13.2/log4j-to-slf4j-2.13.2.jar:/Users/sumandas/.m2/repository/org/apache/logging/log4j/log4j-api/2.13.2/log4j-api-2.13.2.jar:/Users/sumandas/.m2/repository/org/slf4j/jul-to-slf4j/1.7.30/jul-to-slf4j-1.7.30.jar:/Users/sumandas/.m2/repository/jakarta/annotation/jakarta.annotation-api/1.3.5/jakarta.annotation-api-1.3.5.jar:/Users/sumandas/.m2/repository/org/yaml/snakeyaml/1.26/snakeyaml-1.26.jar:/Users/sumandas/.m2/repository/org/springframework/data/spring-data-r2dbc/1.1.0.RC2/spring-data-r2dbc-1.1.0.RC2.jar:/Users/sumandas/.m2/repository/org/springframework/data/spring-data-commons/2.3.0.RC2/spring-data-commons-2.3.0.RC2.jar:/Users/sumandas/.m2/repository/org/springframework/data/spring-data-relational/2.0.0.RC2/spring-data-relational-2.0.0.RC2.jar:/Users/sumandas/.m2/repository/org/springframework/spring-tx/5.2.6.RELEASE/spring-tx-5.2.6.RELEASE.jar:/Users/sumandas/.m2/repository/org/springframework/spring-context/5.2.6.RELEASE/spring-context-5.2.6.RELEASE.jar:/Users/sumandas/.m2/repository/org/springframework/spring-expression/5.2.6.RELEASE/spring-expression-5.2.6.RELEASE.jar:/Users/sumandas/.m2/repository/org/springframework/spring-beans/5.2.6.RELEASE/spring-beans-5.2.6.RELEASE.jar:/Users/sumandas/.m2/repository/io/r2dbc/r2dbc-spi/0.8.1.RELEASE/r2dbc-spi-0.8.1.RELEASE.jar:/Users/sumandas/.m2/repository/org/reactivestreams/reactive-streams/1.0.3/reactive-streams-1.0.3.jar:/Users/sumandas/.m2/repository/io/r2dbc/r2dbc-pool/0.8.2.RELEASE/r2dbc-pool-0.8.2.RELEASE.jar:/Users/sumandas/.m2/repository/io/projectreactor/addons/reactor-pool/0.1.3.RELEASE/reactor-pool-0.1.3.RELEASE.jar:/Users/sumandas/.m2/repository/org/springframework/boot/spring-boot-starter-webflux/2.3.0.RC1/spring-boot-starter-webflux-2.3.0.RC1.jar:/Users/sumandas/.m2/repository/org/springframework/boot/spring-boot-starter-json/2.3.0.RC1/spring-boot-starter-json-2.3.0.RC1.jar:/Users/sumandas/.m2/repository/com/fasterxml/jackson/core/jackson-databind/2.11.0/jackson-databind-2.11.0.jar:/Users/sumandas/.m2/repository/com/fasterxml/jackson/core/jackson-core/2.11.0/jackson-core-2.11.0.jar:/Users/sumandas/.m2/repository/com/fasterxml/jackson/datatype/jackson-datatype-jdk8/2.11.0/jackson-datatype-jdk8-2.11.0.jar:/Users/sumandas/.m2/repository/com/fasterxml/jackson/datatype/jackson-datatype-jsr310/2.11.0/jackson-datatype-jsr310-2.11.0.jar:/Users/sumandas/.m2/repository/com/fasterxml/jackson/module/jackson-module-parameter-names/2.11.0/jackson-module-parameter-names-2.11.0.jar:/Users/sumandas/.m2/repository/org/springframework/boot/spring-boot-starter-reactor-netty/2.3.0.RC1/spring-boot-starter-reactor-netty-2.3.0.RC1.jar:/Users/sumandas/.m2/repository/org/springframework/spring-web/5.2.6.RELEASE/spring-web-5.2.6.RELEASE.jar:/Users/sumandas/.m2/repository/org/springframework/spring-webflux/5.2.6.RELEASE/spring-webflux-5.2.6.RELEASE.jar:/Users/sumandas/.m2/repository/org/synchronoss/cloud/nio-multipart-parser/1.1.0/nio-multipart-parser-1.1.0.jar:/Users/sumandas/.m2/repository/org/synchronoss/cloud/nio-stream-storage/1.1.3/nio-stream-storage-1.1.3.jar:/Users/sumandas/.m2/repository/com/h2database/h2/1.4.200/h2-1.4.200.jar:/Users/sumandas/.m2/repository/io/r2dbc/r2dbc-h2/0.8.3.RELEASE/r2dbc-h2-0.8.3.RELEASE.jar:/Users/sumandas/.m2/repository/io/projectreactor/reactor-core/3.3.5.RELEASE/reactor-core-3.3.5.RELEASE.jar:/Users/sumandas/.m2/repository/io/r2dbc/r2dbc-postgresql/0.8.2.RELEASE/r2dbc-postgresql-0.8.2.RELEASE.jar:/Users/sumandas/.m2/repository/com/ongres/scram/client/2.1/client-2.1.jar:/Users/sumandas/.m2/repository/com/ongres/scram/common/2.1/common-2.1.jar:/Users/sumandas/.m2/repository/com/ongres/stringprep/saslprep/1.1/saslprep-1.1.jar:/Users/sumandas/.m2/repository/com/ongres/stringprep/stringprep/1.1/stringprep-1.1.jar:/Users/sumandas/.m2/repository/io/projectreactor/netty/reactor-netty/0.9.7.RELEASE/reactor-netty-0.9.7.RELEASE.jar:/Users/sumandas/.m2/repository/io/netty/netty-codec-http/4.1.49.Final/netty-codec-http-4.1.49.Final.jar:/Users/sumandas/.m2/repository/io/netty/netty-common/4.1.49.Final/netty-common-4.1.49.Final.jar:/Users/sumandas/.m2/repository/io/netty/netty-buffer/4.1.49.Final/netty-buffer-4.1.49.Final.jar:/Users/sumandas/.m2/repository/io/netty/netty-transport/4.1.49.Final/netty-transport-4.1.49.Final.jar:/Users/sumandas/.m2/repository/io/netty/netty-codec/4.1.49.Final/netty-codec-4.1.49.Final.jar:/Users/sumandas/.m2/repository/io/netty/netty-codec-http2/4.1.49.Final/netty-codec-http2-4.1.49.Final.jar:/Users/sumandas/.m2/repository/io/netty/netty-handler/4.1.49.Final/netty-handler-4.1.49.Final.jar:/Users/sumandas/.m2/repository/io/netty/netty-resolver/4.1.49.Final/netty-resolver-4.1.49.Final.jar:/Users/sumandas/.m2/repository/io/netty/netty-handler-proxy/4.1.49.Final/netty-handler-proxy-4.1.49.Final.jar:/Users/sumandas/.m2/repository/io/netty/netty-codec-socks/4.1.49.Final/netty-codec-socks-4.1.49.Final.jar:/Users/sumandas/.m2/repository/io/netty/netty-transport-native-epoll/4.1.49.Final/netty-transport-native-epoll-4.1.49.Final-linux-x86_64.jar:/Users/sumandas/.m2/repository/io/netty/netty-transport-native-unix-common/4.1.49.Final/netty-transport-native-unix-common-4.1.49.Final.jar:/Users/sumandas/.m2/repository/org/postgresql/postgresql/42.2.12/postgresql-42.2.12.jar:/Users/sumandas/.m2/repository/org/projectlombok/lombok/1.18.12/lombok-1.18.12.jar:/Users/sumandas/.m2/repository/org/springframework/boot/spring-boot-starter-test/2.3.0.RC1/spring-boot-starter-test-2.3.0.RC1.jar:/Users/sumandas/.m2/repository/org/springframework/boot/spring-boot-test/2.3.0.RC1/spring-boot-test-2.3.0.RC1.jar:/Users/sumandas/.m2/repository/org/springframework/boot/spring-boot-test-autoconfigure/2.3.0.RC1/spring-boot-test-autoconfigure-2.3.0.RC1.jar:/Users/sumandas/.m2/repository/com/jayway/jsonpath/json-path/2.4.0/json-path-2.4.0.jar:/Users/sumandas/.m2/repository/net/minidev/json-smart/2.3/json-smart-2.3.jar:/Users/sumandas/.m2/repository/net/minidev/accessors-smart/1.2/accessors-smart-1.2.jar:/Users/sumandas/.m2/repository/org/ow2/asm/asm/5.0.4/asm-5.0.4.jar:/Users/sumandas/.m2/repository/jakarta/xml/bind/jakarta.xml.bind-api/2.3.3/jakarta.xml.bind-api-2.3.3.jar:/Users/sumandas/.m2/repository/jakarta/activation/jakarta.activation-api/1.2.2/jakarta.activation-api-1.2.2.jar:/Users/sumandas/.m2/repository/org/assertj/assertj-core/3.15.0/assertj-core-3.15.0.jar:/Users/sumandas/.m2/repository/org/hamcrest/hamcrest/2.2/hamcrest-2.2.jar:/Users/sumandas/.m2/repository/org/junit/jupiter/junit-jupiter/5.6.2/junit-jupiter-5.6.2.jar:/Users/sumandas/.m2/repository/org/junit/jupiter/junit-jupiter-api/5.6.2/junit-jupiter-api-5.6.2.jar:/Users/sumandas/.m2/repository/org/apiguardian/apiguardian-api/1.1.0/apiguardian-api-1.1.0.jar:/Users/sumandas/.m2/repository/org/opentest4j/opentest4j/1.2.0/opentest4j-1.2.0.jar:/Users/sumandas/.m2/repository/org/junit/platform/junit-platform-commons/1.6.2/junit-platform-commons-1.6.2.jar:/Users/sumandas/.m2/repository/org/junit/jupiter/junit-jupiter-params/5.6.2/junit-jupiter-params-5.6.2.jar:/Users/sumandas/.m2/repository/org/junit/jupiter/junit-jupiter-engine/5.6.2/junit-jupiter-engine-5.6.2.jar:/Users/sumandas/.m2/repository/org/junit/platform/junit-platform-engine/1.6.2/junit-platform-engine-1.6.2.jar:/Users/sumandas/.m2/repository/org/mockito/mockito-core/3.3.3/mockito-core-3.3.3.jar:/Users/sumandas/.m2/repository/net/bytebuddy/byte-buddy/1.10.10/byte-buddy-1.10.10.jar:/Users/sumandas/.m2/repository/net/bytebuddy/byte-buddy-agent/1.10.10/byte-buddy-agent-1.10.10.jar:/Users/sumandas/.m2/repository/org/objenesis/objenesis/2.6/objenesis-2.6.jar:/Users/sumandas/.m2/repository/org/mockito/mockito-junit-jupiter/3.3.3/mockito-junit-jupiter-3.3.3.jar:/Users/sumandas/.m2/repository/org/skyscreamer/jsonassert/1.5.0/jsonassert-1.5.0.jar:/Users/sumandas/.m2/repository/com/vaadin/external/google/android-json/0.0.20131108.vaadin1/android-json-0.0.20131108.vaadin1.jar:/Users/sumandas/.m2/repository/org/springframework/spring-core/5.2.6.RELEASE/spring-core-5.2.6.RELEASE.jar:/Users/sumandas/.m2/repository/org/springframework/spring-jcl/5.2.6.RELEASE/spring-jcl-5.2.6.RELEASE.jar:/Users/sumandas/.m2/repository/org/springframework/spring-test/5.2.6.RELEASE/spring-test-5.2.6.RELEASE.jar:/Users/sumandas/.m2/repository/org/xmlunit/xmlunit-core/2.6.4/xmlunit-core-2.6.4.jar:/Users/sumandas/.m2/repository/io/projectreactor/reactor-test/3.3.5.RELEASE/reactor-test-3.3.5.RELEASE.jar:/Users/sumandas/.m2/repository/io/springfox/springfox-swagger2/3.0.0/springfox-swagger2-3.0.0.jar:/Users/sumandas/.m2/repository/io/springfox/springfox-spi/3.0.0/springfox-spi-3.0.0.jar:/Users/sumandas/.m2/repository/io/springfox/springfox-schema/3.0.0/springfox-schema-3.0.0.jar:/Users/sumandas/.m2/repository/io/springfox/springfox-swagger-common/3.0.0/springfox-swagger-common-3.0.0.jar:/Users/sumandas/.m2/repository/io/swagger/core/v3/swagger-annotations/2.1.2/swagger-annotations-2.1.2.jar:/Users/sumandas/.m2/repository/io/springfox/springfox-spring-web/3.0.0/springfox-spring-web-3.0.0.jar:/Users/sumandas/.m2/repository/io/github/classgraph/classgraph/4.8.83/classgraph-4.8.83.jar:/Users/sumandas/.m2/repository/io/springfox/springfox-spring-webmvc/3.0.0/springfox-spring-webmvc-3.0.0.jar:/Users/sumandas/.m2/repository/com/fasterxml/classmate/1.5.1/classmate-1.5.1.jar:/Users/sumandas/.m2/repository/org/slf4j/slf4j-api/1.7.30/slf4j-api-1.7.30.jar:/Users/sumandas/.m2/repository/org/springframework/plugin/spring-plugin-core/2.0.0.RELEASE/spring-plugin-core-2.0.0.RELEASE.jar:/Users/sumandas/.m2/repository/org/springframework/spring-aop/5.2.6.RELEASE/spring-aop-5.2.6.RELEASE.jar:/Users/sumandas/.m2/repository/org/springframework/plugin/spring-plugin-metadata/2.0.0.RELEASE/spring-plugin-metadata-2.0.0.RELEASE.jar:/Users/sumandas/.m2/repository/io/swagger/swagger-annotations/1.5.20/swagger-annotations-1.5.20.jar:/Users/sumandas/.m2/repository/io/swagger/swagger-models/1.5.20/swagger-models-1.5.20.jar:/Users/sumandas/.m2/repository/com/fasterxml/jackson/core/jackson-annotations/2.11.0/jackson-annotations-2.11.0.jar:/Users/sumandas/.m2/repository/org/mapstruct/mapstruct/1.3.1.Final/mapstruct-1.3.1.Final.jar:/Users/sumandas/.m2/repository/io/springfox/springfox-swagger-ui/3.0.0/springfox-swagger-ui-3.0.0.jar:/Users/sumandas/.m2/repository/io/springfox/springfox-boot-starter/3.0.0/springfox-boot-starter-3.0.0.jar:/Users/sumandas/.m2/repository/io/springfox/springfox-oas/3.0.0/springfox-oas-3.0.0.jar:/Users/sumandas/.m2/repository/io/swagger/core/v3/swagger-models/2.1.2/swagger-models-2.1.2.jar:/Users/sumandas/.m2/repository/io/springfox/springfox-data-rest/3.0.0/springfox-data-rest-3.0.0.jar:/Users/sumandas/.m2/repository/io/springfox/springfox-bean-validators/3.0.0/springfox-bean-validators-3.0.0.jar:/Users/sumandas/.m2/repository/io/springfox/springfox-spring-webflux/3.0.0/springfox-spring-webflux-3.0.0.jar:/Users/sumandas/.m2/repository/io/springfox/springfox-core/3.0.0/springfox-core-3.0.0.jar:"/>
    <property name="java.vm.vendor" value="Oracle Corporation"/>
    <property name="sun.arch.data.model" value="64"/>
    <property name="java.vendor.url" value="http://java.oracle.com/"/>
    <property name="user.timezone" value=""/>
    <property name="java.vm.specification.version" value="1.8"/>
    <property name="os.name" value="Mac OS X"/>
    <property name="user.country" value="IN"/>
    <property name="sun.java.launcher" value="SUN_STANDARD"/>
    <property name="sun.boot.library.path" value="/Library/Java/JavaVirtualMachines/jdk1.8.0_231.jdk/Contents/Home/jre/lib"/>
    <property name="sun.java.command" value="/Users/sumandas/Public/workspace/java/personal/experiment/spring-boot-reactive-webflux/target/surefire/surefirebooter888455254098528616.jar /Users/sumandas/Public/workspace/java/personal/experiment/spring-boot-reactive-webflux/target/surefire 2021-09-26T16-43-10_591-jvmRun1 surefire5018917914723299129tmp surefire_09153698643402476780tmp"/>
    <property name="http.nonProxyHosts" value="local|*.local|169.254/16|*.169.254/16"/>
    <property name="surefire.test.class.path" value="/Users/sumandas/Public/workspace/java/personal/experiment/spring-boot-reactive-webflux/target/test-classes:/Users/sumandas/Public/workspace/java/personal/experiment/spring-boot-reactive-webflux/target/classes:/Users/sumandas/.m2/repository/org/springframework/boot/spring-boot-starter-data-r2dbc/2.3.0.RC1/spring-boot-starter-data-r2dbc-2.3.0.RC1.jar:/Users/sumandas/.m2/repository/org/springframework/boot/spring-boot-starter/2.3.0.RC1/spring-boot-starter-2.3.0.RC1.jar:/Users/sumandas/.m2/repository/org/springframework/boot/spring-boot/2.3.0.RC1/spring-boot-2.3.0.RC1.jar:/Users/sumandas/.m2/repository/org/springframework/boot/spring-boot-autoconfigure/2.3.0.RC1/spring-boot-autoconfigure-2.3.0.RC1.jar:/Users/sumandas/.m2/repository/org/springframework/boot/spring-boot-starter-logging/2.3.0.RC1/spring-boot-starter-logging-2.3.0.RC1.jar:/Users/sumandas/.m2/repository/ch/qos/logback/logback-classic/1.2.3/logback-classic-1.2.3.jar:/Users/sumandas/.m2/repository/ch/qos/logback/logback-core/1.2.3/logback-core-1.2.3.jar:/Users/sumandas/.m2/repository/org/apache/logging/log4j/log4j-to-slf4j/2.13.2/log4j-to-slf4j-2.13.2.jar:/Users/sumandas/.m2/repository/org/apache/logging/log4j/log4j-api/2.13.2/log4j-api-2.13.2.jar:/Users/sumandas/.m2/repository/org/slf4j/jul-to-slf4j/1.7.30/jul-to-slf4j-1.7.30.jar:/Users/sumandas/.m2/repository/jakarta/annotation/jakarta.annotation-api/1.3.5/jakarta.annotation-api-1.3.5.jar:/Users/sumandas/.m2/repository/org/yaml/snakeyaml/1.26/snakeyaml-1.26.jar:/Users/sumandas/.m2/repository/org/springframework/data/spring-data-r2dbc/1.1.0.RC2/spring-data-r2dbc-1.1.0.RC2.jar:/Users/sumandas/.m2/repository/org/springframework/data/spring-data-commons/2.3.0.RC2/spring-data-commons-2.3.0.RC2.jar:/Users/sumandas/.m2/repository/org/springframework/data/spring-data-relational/2.0.0.RC2/spring-data-relational-2.0.0.RC2.jar:/Users/sumandas/.m2/repository/org/springframework/spring-tx/5.2.6.RELEASE/spring-tx-5.2.6.RELEASE.jar:/Users/sumandas/.m2/repository/org/springframework/spring-context/5.2.6.RELEASE/spring-context-5.2.6.RELEASE.jar:/Users/sumandas/.m2/repository/org/springframework/spring-expression/5.2.6.RELEASE/spring-expression-5.2.6.RELEASE.jar:/Users/sumandas/.m2/repository/org/springframework/spring-beans/5.2.6.RELEASE/spring-beans-5.2.6.RELEASE.jar:/Users/sumandas/.m2/repository/io/r2dbc/r2dbc-spi/0.8.1.RELEASE/r2dbc-spi-0.8.1.RELEASE.jar:/Users/sumandas/.m2/repository/org/reactivestreams/reactive-streams/1.0.3/reactive-streams-1.0.3.jar:/Users/sumandas/.m2/repository/io/r2dbc/r2dbc-pool/0.8.2.RELEASE/r2dbc-pool-0.8.2.RELEASE.jar:/Users/sumandas/.m2/repository/io/projectreactor/addons/reactor-pool/0.1.3.RELEASE/reactor-pool-0.1.3.RELEASE.jar:/Users/sumandas/.m2/repository/org/springframework/boot/spring-boot-starter-webflux/2.3.0.RC1/spring-boot-starter-webflux-2.3.0.RC1.jar:/Users/sumandas/.m2/repository/org/springframework/boot/spring-boot-starter-json/2.3.0.RC1/spring-boot-starter-json-2.3.0.RC1.jar:/Users/sumandas/.m2/repository/com/fasterxml/jackson/core/jackson-databind/2.11.0/jackson-databind-2.11.0.jar:/Users/sumandas/.m2/repository/com/fasterxml/jackson/core/jackson-core/2.11.0/jackson-core-2.11.0.jar:/Users/sumandas/.m2/repository/com/fasterxml/jackson/datatype/jackson-datatype-jdk8/2.11.0/jackson-datatype-jdk8-2.11.0.jar:/Users/sumandas/.m2/repository/com/fasterxml/jackson/datatype/jackson-datatype-jsr310/2.11.0/jackson-datatype-jsr310-2.11.0.jar:/Users/sumandas/.m2/repository/com/fasterxml/jackson/module/jackson-module-parameter-names/2.11.0/jackson-module-parameter-names-2.11.0.jar:/Users/sumandas/.m2/repository/org/springframework/boot/spring-boot-starter-reactor-netty/2.3.0.RC1/spring-boot-starter-reactor-netty-2.3.0.RC1.jar:/Users/sumandas/.m2/repository/org/springframework/spring-web/5.2.6.RELEASE/spring-web-5.2.6.RELEASE.jar:/Users/sumandas/.m2/repository/org/springframework/spring-webflux/5.2.6.RELEASE/spring-webflux-5.2.6.RELEASE.jar:/Users/sumandas/.m2/repository/org/synchronoss/cloud/nio-multipart-parser/1.1.0/nio-multipart-parser-1.1.0.jar:/Users/sumandas/.m2/repository/org/synchronoss/cloud/nio-stream-storage/1.1.3/nio-stream-storage-1.1.3.jar:/Users/sumandas/.m2/repository/com/h2database/h2/1.4.200/h2-1.4.200.jar:/Users/sumandas/.m2/repository/io/r2dbc/r2dbc-h2/0.8.3.RELEASE/r2dbc-h2-0.8.3.RELEASE.jar:/Users/sumandas/.m2/repository/io/projectreactor/reactor-core/3.3.5.RELEASE/reactor-core-3.3.5.RELEASE.jar:/Users/sumandas/.m2/repository/io/r2dbc/r2dbc-postgresql/0.8.2.RELEASE/r2dbc-postgresql-0.8.2.RELEASE.jar:/Users/sumandas/.m2/repository/com/ongres/scram/client/2.1/client-2.1.jar:/Users/sumandas/.m2/repository/com/ongres/scram/common/2.1/common-2.1.jar:/Users/sumandas/.m2/repository/com/ongres/stringprep/saslprep/1.1/saslprep-1.1.jar:/Users/sumandas/.m2/repository/com/ongres/stringprep/stringprep/1.1/stringprep-1.1.jar:/Users/sumandas/.m2/repository/io/projectreactor/netty/reactor-netty/0.9.7.RELEASE/reactor-netty-0.9.7.RELEASE.jar:/Users/sumandas/.m2/repository/io/netty/netty-codec-http/4.1.49.Final/netty-codec-http-4.1.49.Final.jar:/Users/sumandas/.m2/repository/io/netty/netty-common/4.1.49.Final/netty-common-4.1.49.Final.jar:/Users/sumandas/.m2/repository/io/netty/netty-buffer/4.1.49.Final/netty-buffer-4.1.49.Final.jar:/Users/sumandas/.m2/repository/io/netty/netty-transport/4.1.49.Final/netty-transport-4.1.49.Final.jar:/Users/sumandas/.m2/repository/io/netty/netty-codec/4.1.49.Final/netty-codec-4.1.49.Final.jar:/Users/sumandas/.m2/repository/io/netty/netty-codec-http2/4.1.49.Final/netty-codec-http2-4.1.49.Final.jar:/Users/sumandas/.m2/repository/io/netty/netty-handler/4.1.49.Final/netty-handler-4.1.49.Final.jar:/Users/sumandas/.m2/repository/io/netty/netty-resolver/4.1.49.Final/netty-resolver-4.1.49.Final.jar:/Users/sumandas/.m2/repository/io/netty/netty-handler-proxy/4.1.49.Final/netty-handler-proxy-4.1.49.Final.jar:/Users/sumandas/.m2/repository/io/netty/netty-codec-socks/4.1.49.Final/netty-codec-socks-4.1.49.Final.jar:/Users/sumandas/.m2/repository/io/netty/netty-transport-native-epoll/4.1.49.Final/netty-transport-native-epoll-4.1.49.Final-linux-x86_64.jar:/Users/sumandas/.m2/repository/io/netty/netty-transport-native-unix-common/4.1.49.Final/netty-transport-native-unix-common-4.1.49.Final.jar:/Users/sumandas/.m2/repository/org/postgresql/postgresql/42.2.12/postgresql-42.2.12.jar:/Users/sumandas/.m2/repository/org/projectlombok/lombok/1.18.12/lombok-1.18.12.jar:/Users/sumandas/.m2/repository/org/springframework/boot/spring-boot-starter-test/2.3.0.RC1/spring-boot-starter-test-2.3.0.RC1.jar:/Users/sumandas/.m2/repository/org/springframework/boot/spring-boot-test/2.3.0.RC1/spring-boot-test-2.3.0.RC1.jar:/Users/sumandas/.m2/repository/org/springframework/boot/spring-boot-test-autoconfigure/2.3.0.RC1/spring-boot-test-autoconfigure-2.3.0.RC1.jar:/Users/sumandas/.m2/repository/com/jayway/jsonpath/json-path/2.4.0/json-path-2.4.0.jar:/Users/sumandas/.m2/repository/net/minidev/json-smart/2.3/json-smart-2.3.jar:/Users/sumandas/.m2/repository/net/minidev/accessors-smart/1.2/accessors-smart-1.2.jar:/Users/sumandas/.m2/repository/org/ow2/asm/asm/5.0.4/asm-5.0.4.jar:/Users/sumandas/.m2/repository/jakarta/xml/bind/jakarta.xml.bind-api/2.3.3/jakarta.xml.bind-api-2.3.3.jar:/Users/sumandas/.m2/repository/jakarta/activation/jakarta.activation-api/1.2.2/jakarta.activation-api-1.2.2.jar:/Users/sumandas/.m2/repository/org/assertj/assertj-core/3.15.0/assertj-core-3.15.0.jar:/Users/sumandas/.m2/repository/org/hamcrest/hamcrest/2.2/hamcrest-2.2.jar:/Users/sumandas/.m2/repository/org/junit/jupiter/junit-jupiter/5.6.2/junit-jupiter-5.6.2.jar:/Users/sumandas/.m2/repository/org/junit/jupiter/junit-jupiter-api/5.6.2/junit-jupiter-api-5.6.2.jar:/Users/sumandas/.m2/repository/org/apiguardian/apiguardian-api/1.1.0/apiguardian-api-1.1.0.jar:/Users/sumandas/.m2/repository/org/opentest4j/opentest4j/1.2.0/opentest4j-1.2.0.jar:/Users/sumandas/.m2/repository/org/junit/platform/junit-platform-commons/1.6.2/junit-platform-commons-1.6.2.jar:/Users/sumandas/.m2/repository/org/junit/jupiter/junit-jupiter-params/5.6.2/junit-jupiter-params-5.6.2.jar:/Users/sumandas/.m2/repository/org/junit/jupiter/junit-jupiter-engine/5.6.2/junit-jupiter-engine-5.6.2.jar:/Users/sumandas/.m2/repository/org/junit/platform/junit-platform-engine/1.6.2/junit-platform-engine-1.6.2.jar:/Users/sumandas/.m2/repository/org/mockito/mockito-core/3.3.3/mockito-core-3.3.3.jar:/Users/sumandas/.m2/repository/net/bytebuddy/byte-buddy/1.10.10/byte-buddy-1.10.10.jar:/Users/sumandas/.m2/repository/net/bytebuddy/byte-buddy-agent/1.10.10/byte-buddy-agent-1.10.10.jar:/Users/sumandas/.m2/repository/org/objenesis/objenesis/2.6/objenesis-2.6.jar:/Users/sumandas/.m2/repository/org/mockito/mockito-junit-jupiter/3.3.3/mockito-junit-jupiter-3.3.3.jar:/Users/sumandas/.m2/repository/org/skyscreamer/jsonassert/1.5.0/jsonassert-1.5.0.jar:/Users/sumandas/.m2/repository/com/vaadin/external/google/android-json/0.0.20131108.vaadin1/android-json-0.0.20131108.vaadin1.jar:/Users/sumandas/.m2/repository/org/springframework/spring-core/5.2.6.RELEASE/spring-core-5.2.6.RELEASE.jar:/Users/sumandas/.m2/repository/org/springframework/spring-jcl/5.2.6.RELEASE/spring-jcl-5.2.6.RELEASE.jar:/Users/sumandas/.m2/repository/org/springframework/spring-test/5.2.6.RELEASE/spring-test-5.2.6.RELEASE.jar:/Users/sumandas/.m2/repository/org/xmlunit/xmlunit-core/2.6.4/xmlunit-core-2.6.4.jar:/Users/sumandas/.m2/repository/io/projectreactor/reactor-test/3.3.5.RELEASE/reactor-test-3.3.5.RELEASE.jar:/Users/sumandas/.m2/repository/io/springfox/springfox-swagger2/3.0.0/springfox-swagger2-3.0.0.jar:/Users/sumandas/.m2/repository/io/springfox/springfox-spi/3.0.0/springfox-spi-3.0.0.jar:/Users/sumandas/.m2/repository/io/springfox/springfox-schema/3.0.0/springfox-schema-3.0.0.jar:/Users/sumandas/.m2/repository/io/springfox/springfox-swagger-common/3.0.0/springfox-swagger-common-3.0.0.jar:/Users/sumandas/.m2/repository/io/swagger/core/v3/swagger-annotations/2.1.2/swagger-annotations-2.1.2.jar:/Users/sumandas/.m2/repository/io/springfox/springfox-spring-web/3.0.0/springfox-spring-web-3.0.0.jar:/Users/sumandas/.m2/repository/io/github/classgraph/classgraph/4.8.83/classgraph-4.8.83.jar:/Users/sumandas/.m2/repository/io/springfox/springfox-spring-webmvc/3.0.0/springfox-spring-webmvc-3.0.0.jar:/Users/sumandas/.m2/repository/com/fasterxml/classmate/1.5.1/classmate-1.5.1.jar:/Users/sumandas/.m2/repository/org/slf4j/slf4j-api/1.7.30/slf4j-api-1.7.30.jar:/Users/sumandas/.m2/repository/org/springframework/plugin/spring-plugin-core/2.0.0.RELEASE/spring-plugin-core-2.0.0.RELEASE.jar:/Users/sumandas/.m2/repository/org/springframework/spring-aop/5.2.6.RELEASE/spring-aop-5.2.6.RELEASE.jar:/Users/sumandas/.m2/repository/org/springframework/plugin/spring-plugin-metadata/2.0.0.RELEASE/spring-plugin-metadata-2.0.0.RELEASE.jar:/Users/sumandas/.m2/repository/io/swagger/swagger-annotations/1.5.20/swagger-annotations-1.5.20.jar:/Users/sumandas/.m2/repository/io/swagger/swagger-models/1.5.20/swagger-models-1.5.20.jar:/Users/sumandas/.m2/repository/com/fasterxml/jackson/core/jackson-annotations/2.11.0/jackson-annotations-2.11.0.jar:/Users/sumandas/.m2/repository/org/mapstruct/mapstruct/1.3.1.Final/mapstruct-1.3.1.Final.jar:/Users/sumandas/.m2/repository/io/springfox/springfox-swagger-ui/3.0.0/springfox-swagger-ui-3.0.0.jar:/Users/sumandas/.m2/repository/io/springfox/springfox-boot-starter/3.0.0/springfox-boot-starter-3.0.0.jar:/Users/sumandas/.m2/repository/io/springfox/springfox-oas/3.0.0/springfox-oas-3.0.0.jar:/Users/sumandas/.m2/repository/io/swagger/core/v3/swagger-models/2.1.2/swagger-models-2.1.2.jar:/Users/sumandas/.m2/repository/io/springfox/springfox-data-rest/3.0.0/springfox-data-rest-3.0.0.jar:/Users/sumandas/.m2/repository/io/springfox/springfox-bean-validators/3.0.0/springfox-bean-validators-3.0.0.jar:/Users/sumandas/.m2/repository/io/springfox/springfox-spring-webflux/3.0.0/springfox-spring-webflux-3.0.0.jar:/Users/sumandas/.m2/repository/io/springfox/springfox-core/3.0.0/springfox-core-3.0.0.jar:"/>
    <property name="sun.cpu.endian" value="little"/>
    <property name="user.home" value="/Users/sumandas"/>
    <property name="user.language" value="en"/>
    <property name="java.specification.vendor" value="Oracle Corporation"/>
    <property name="java.home" value="/Library/Java/JavaVirtualMachines/jdk1.8.0_231.jdk/Contents/Home/jre"/>
    <property name="basedir" value="/Users/sumandas/Public/workspace/java/personal/experiment/spring-boot-reactive-webflux"/>
    <property name="file.separator" value="/"/>
    <property name="line.separator" value="&#10;"/>
    <property name="java.vm.specification.vendor" value="Oracle Corporation"/>
    <property name="java.specification.name" value="Java Platform API Specification"/>
    <property name="java.awt.graphicsenv" value="sun.awt.CGraphicsEnvironment"/>
    <property name="surefire.real.class.path" value="/Users/sumandas/Public/workspace/java/personal/experiment/spring-boot-reactive-webflux/target/surefire/surefirebooter888455254098528616.jar"/>
    <property name="sun.boot.class.path" value="/Library/Java/JavaVirtualMachines/jdk1.8.0_231.jdk/Contents/Home/jre/lib/resources.jar:/Library/Java/JavaVirtualMachines/jdk1.8.0_231.jdk/Contents/Home/jre/lib/rt.jar:/Library/Java/JavaVirtualMachines/jdk1.8.0_231.jdk/Contents/Home/jre/lib/sunrsasign.jar:/Library/Java/JavaVirtualMachines/jdk1.8.0_231.jdk/Contents/Home/jre/lib/jsse.jar:/Library/Java/JavaVirtualMachines/jdk1.8.0_231.jdk/Contents/Home/jre/lib/jce.jar:/Library/Java/JavaVirtualMachines/jdk1.8.0_231.jdk/Contents/Home/jre/lib/charsets.jar:/Library/Java/JavaVirtualMachines/jdk1.8.0_231.jdk/Contents/Home/jre/lib/jfr.jar:/Library/Java/JavaVirtualMachines/jdk1.8.0_231.jdk/Contents/Home/jre/classes"/>
    <property name="sun.management.compiler" value="HotSpot 64-Bit Tiered Compilers"/>
    <property name="ftp.nonProxyHosts" value="local|*.local|169.254/16|*.169.254/16"/>
    <property name="java.runtime.version" value="1.8.0_231-b11"/>
    <property name="user.name" value="sumandas"/>
    <property name="path.separator" value=":"/>
    <property name="os.version" value="10.16"/>
    <property name="java.endorsed.dirs" value="/Library/Java/JavaVirtualMachines/jdk1.8.0_231.jdk/Contents/Home/jre/lib/endorsed"/>
    <property name="java.runtime.name" value="Java(TM) SE Runtime Environment"/>
    <property name="file.encoding" value="US-ASCII"/>
    <property name="java.vm.name" value="Java HotSpot(TM) 64-Bit Server VM"/>
    <property name="localRepository" value="/Users/sumandas/.m2/repository"/>
    <property name="java.vendor.url.bug" value="http://bugreport.sun.com/bugreport/"/>
    <property name="java.io.tmpdir" value="/var/folders/xr/h32x62cn0q1cffx61_yyssc80000gn/T/"/>
    <property name="java.version" value="1.8.0_231"/>
    <property name="user.dir" value="/Users/sumandas/Public/workspace/java/personal/experiment/spring-boot-reactive-webflux"/>
    <property name="os.arch" value="x86_64"/>
    <property name="java.vm.specification.name" value="Java Virtual Machine Specification"/>
    <property name="java.awt.printerjob" value="sun.lwawt.macosx.CPrinterJob"/>
    <property name="sun.os.patch.level" value="unknown"/>
    <property name="java.library.path" value="/Users/sumandas/Library/Java/Extensions:/Library/Java/Extensions:/Network/Library/Java/Extensions:/System/Library/Java/Extensions:/usr/lib/java:."/>
    <property name="java.vm.info" value="mixed mode"/>
    <property name="java.vendor" value="Oracle Corporation"/>
    <property name="java.vm.version" value="25.231-b11"/>
    <property name="java.ext.dirs" value="/Users/sumandas/Library/Java/Extensions:/Library/Java/JavaVirtualMachines/jdk1.8.0_231.jdk/Contents/Home/jre/lib/ext:/Library/Java/Extensions:/Network/Library/Java/Extensions:/System/Library/Java/Extensions:/usr/lib/java"/>
    <property name="sun.io.unicode.encoding" value="UnicodeBig"/>
    <property name="java.class.version" value="52.0"/>
    <property name="socksNonProxyHosts" value="local|*.local|169.254/16|*.169.254/16"/>
  </properties>
  <testcase name="updateUser" classname="com.reactive.examples.test.controller.UserControllerTest" time="0.441"/>
  <testcase name="getUserById_NotFound" classname="com.reactive.examples.test.controller.UserControllerTest" time="0.017"/>
  <testcase name="getAllUsersValidateCount" classname="com.reactive.examples.test.controller.UserControllerTest" time="0.043"/>
  <testcase name="createUser" classname="com.reactive.examples.test.controller.UserControllerTest" time="0.028"/>
  <testcase name="getAllUsersValidateResponse" classname="com.reactive.examples.test.controller.UserControllerTest" time="0.054"/>
  <testcase name="updateUser_notFound" classname="com.reactive.examples.test.controller.UserControllerTest" time="0.028"/>
  <testcase name="deleteUser" classname="com.reactive.examples.test.controller.UserControllerTest" time="0.034"/>
  <testcase name="getUserById" classname="com.reactive.examples.test.controller.UserControllerTest" time="0.032"/>
</testsuite>